2024-12-14 18:22:08 [cookidge] error: uncaughtException: тип Unable to compile TypeScript:
[96msrc/api/route/recipe/index.ts[0m:[93m163[0m:[93m9[0m - [91merror[0m[90m TS2322: [0mType '{ picture: string | undefined; instruction: string; }[]' is not assignable to type 'ICookingStep[]'.
  Type '{ picture: string | undefined; instruction: string; }' is not assignable to type 'ICookingStep'.
    Types of property 'picture' are incompatible.
      Type 'string | undefined' is not assignable to type 'string'.
        Type 'undefined' is not assignable to type 'string'.

[7m163[0m         cooking_steps: recipeInputDto.cooking_steps?.map((step, index) => ({
[7m   [0m [91m        ~~~~~~~~~~~~~[0m

  [96msrc/interface/IRecipe.ts[0m:[93m18[0m:[93m3[0m
    [7m18[0m   cooking_steps: ICookingStep[];
    [7m  [0m [96m  ~~~~~~~~~~~~~[0m
    The expected type comes from property 'cooking_steps' which is declared here on type 'IRecipeInput'

TSError: тип Unable to compile TypeScript:
[96msrc/api/route/recipe/index.ts[0m:[93m163[0m:[93m9[0m - [91merror[0m[90m TS2322: [0mType '{ picture: string | undefined; instruction: string; }[]' is not assignable to type 'ICookingStep[]'.
  Type '{ picture: string | undefined; instruction: string; }' is not assignable to type 'ICookingStep'.
    Types of property 'picture' are incompatible.
      Type 'string | undefined' is not assignable to type 'string'.
        Type 'undefined' is not assignable to type 'string'.

[7m163[0m         cooking_steps: recipeInputDto.cooking_steps?.map((step, index) => ({
[7m   [0m [91m        ~~~~~~~~~~~~~[0m

  [96msrc/interface/IRecipe.ts[0m:[93m18[0m:[93m3[0m
    [7m18[0m   cooking_steps: ICookingStep[];
    [7m  [0m [96m  ~~~~~~~~~~~~~[0m
    The expected type comes from property 'cooking_steps' which is declared here on type 'IRecipeInput'

    at createTSError (C:\Users\rkawk\Desktop\project\foocipe\server\node_modules\ts-node\src\index.ts:859:12)
    at reportTSError (C:\Users\rkawk\Desktop\project\foocipe\server\node_modules\ts-node\src\index.ts:863:19)
    at getOutput (C:\Users\rkawk\Desktop\project\foocipe\server\node_modules\ts-node\src\index.ts:1077:36)
    at Object.compile (C:\Users\rkawk\Desktop\project\foocipe\server\node_modules\ts-node\src\index.ts:1433:41)
    at Module.m._compile (C:\Users\rkawk\Desktop\project\foocipe\server\node_modules\ts-node\src\index.ts:1617:30)
    at Module._extensions..js (node:internal/modules/cjs/loader:1435:10)
    at Object.require.extensions.<computed> [as .ts] (C:\Users\rkawk\Desktop\project\foocipe\server\node_modules\ts-node\src\index.ts:1621:12)
    at Module.load (node:internal/modules/cjs/loader:1207:32)
    at Function.Module._load (node:internal/modules/cjs/loader:1023:12)
    at Module.require (node:internal/modules/cjs/loader:1235:19)
