2024-12-14 18:10:56 [Winston 연습 어플리케이션] info: [object Object]
2024-12-14 18:13:24 [cookidge] info: {
  _id: new ObjectId('675d1c787b9a47e650fa6786'),
  name: 'sss',
  pictures: [
    'http://res.cloudinary.com/db0ls9b6a/image/upload/v1734155383/cookidge/mkts6nw6v8f2bfrwalck.webp'
  ],
  author_id: new ObjectId('674aca7d6b140af2e80c5128'),
  introduction: 'ss',
  servings: 0,
  category: '한식',
  cooking_time: 0,
  cooking_steps: [],
  like_members: [],
  ingredients: [],
  created_at: 2024-12-14T05:49:44.197Z,
  __v: 0
}
2024-12-14 18:35:23 [cookidge] info: [object Object]
2024-12-14 18:38:28 [cookidge] info: [object Object]
